Thu Sep 28 21:15:46 NPT 2023
MaxEnt version 3.4.3
Reading file absence
readGrid: max memory 477626368, total allocated 238026752, free 178868648, used 59158104, increment -24976552
Reading samples from presence
Read samples: max memory 477626368, total allocated 238026752, free 93674568, used 144352184, increment 85194080
Adding samples to background in feature space
Command line used:  autorun -e C:\Users\Public\Documents\Wondershare\CreatorTemp\RtmpsFsL34/maxent/3068468208/absence -o C:\Users\Public\Documents\Wondershare\CreatorTemp\RtmpsFsL34/maxent/3068468208 -s C:\Users\Public\Documents\Wondershare\CreatorTemp\RtmpsFsL34/maxent/3068468208/presence -z -J
Command line to repeat: java density.MaxEnt nowarnings noprefixes jackknife outputdirectory=C:\Users\Public\Documents\Wondershare\CreatorTemp\RtmpsFsL34/maxent/3068468208 samplesfile=C:\Users\Public\Documents\Wondershare\CreatorTemp\RtmpsFsL34/maxent/3068468208/presence environmentallayers=C:\Users\Public\Documents\Wondershare\CreatorTemp\RtmpsFsL34/maxent/3068468208/absence autorun novisible
Species: species
Layers: aspect bio14 bio15 bio17 bio18 bio19 bio2 bio3 bio9 slope
Layertypes: Continuous Continuous Continuous Continuous Continuous Continuous Continuous Continuous Continuous Continuous
jackknife: true
outputdirectory: C:\Users\Public\Documents\Wondershare\CreatorTemp\RtmpsFsL34/maxent/3068468208
samplesfile: C:\Users\Public\Documents\Wondershare\CreatorTemp\RtmpsFsL34/maxent/3068468208/presence
environmentallayers: C:\Users\Public\Documents\Wondershare\CreatorTemp\RtmpsFsL34/maxent/3068468208/absence
autorun: true
visible: false

getSamples: max memory 477626368, total allocated 238026752, free 93674568, used 144352184, increment 0
Making features
makeFeatures: max memory 477626368, total allocated 238026752, free 84062592, used 153964160, increment 9611976
species: 
Regularization values: linear/quadratic/product: 0.308, categorical: 0.250, threshold: 1.730, hinge: 0.500
27 samples
Density: max memory 477626368, total allocated 238026752, free 72402592, used 165624160, increment 11660000
linearPredictor: max memory 477626368, total allocated 238026752, free 72402592, used 165624160, increment 0
FeaturedSpace: max memory 477626368, total allocated 238026752, free 72402592, used 165624160, increment 0
Sequential: max memory 477626368, total allocated 238026752, free 72402592, used 165624160, increment 0
Initial loss: 9.21283725217477
Time since start: 6.683
500: time = 6.482000 loss = 6.857762
Resulting gain: 2.3550749873310695
Projecting...
Writing file C:\Users\Public\Documents\Wondershare\CreatorTemp\RtmpsFsL34\maxent\3068468208\species.csv
Jackknife: leave aspect out
Making features
makeFeatures: max memory 477626368, total allocated 243793920, free 40177976, used 203615944, increment 37991784
species aspect: 
Regularization values: linear/quadratic/product: 0.308, categorical: 0.250, threshold: 1.730, hinge: 0.500
27 samples
Density: max memory 477626368, total allocated 243793920, free 27983360, used 215810560, increment 12194616
linearPredictor: max memory 477626368, total allocated 243793920, free 27983360, used 215810560, increment 0
FeaturedSpace: max memory 477626368, total allocated 243793920, free 27983360, used 215810560, increment 0
Sequential: max memory 477626368, total allocated 243793920, free 27983360, used 215810560, increment 0
Initial loss: 9.21283725217477
Time since start: 12.103
500: time = 4.934000 loss = 6.951353
Jackknife: leave bio14 out
Making features
makeFeatures: max memory 477626368, total allocated 180879360, free 64026248, used 116853112, increment -98957448
species bio14: 
Regularization values: linear/quadratic/product: 0.308, categorical: 0.250, threshold: 1.730, hinge: 0.500
27 samples
Density: max memory 477626368, total allocated 180879360, free 53212712, used 127666648, increment 10813536
linearPredictor: max memory 477626368, total allocated 180879360, free 53212712, used 127666648, increment 0
FeaturedSpace: max memory 477626368, total allocated 180879360, free 53212712, used 127666648, increment 0
Sequential: max memory 477626368, total allocated 180879360, free 53212712, used 127666648, increment 0
Initial loss: 9.21283725217477
Time since start: 18.566
500: time = 6.385000 loss = 6.857268
Jackknife: leave bio15 out
Making features
makeFeatures: max memory 477626368, total allocated 180879360, free 54625160, used 126254200, increment -1412448
species bio15: 
Regularization values: linear/quadratic/product: 0.308, categorical: 0.250, threshold: 1.730, hinge: 0.500
27 samples
Density: max memory 477626368, total allocated 180879360, free 43226584, used 137652776, increment 11398576
linearPredictor: max memory 477626368, total allocated 180879360, free 43226584, used 137652776, increment 0
FeaturedSpace: max memory 477626368, total allocated 180879360, free 43226584, used 137652776, increment 0
Sequential: max memory 477626368, total allocated 180879360, free 43226584, used 137652776, increment 0
Initial loss: 9.21283725217477
Time since start: 23.839
500: time = 5.182000 loss = 6.937138
Jackknife: leave bio17 out
Making features
makeFeatures: max memory 477626368, total allocated 176160768, free 36705704, used 139455064, increment 1802288
species bio17: 
Regularization values: linear/quadratic/product: 0.308, categorical: 0.250, threshold: 1.730, hinge: 0.500
27 samples
Density: max memory 477626368, total allocated 198180864, free 144625456, used 53555408, increment -85899656
linearPredictor: max memory 477626368, total allocated 198180864, free 144625456, used 53555408, increment 0
FeaturedSpace: max memory 477626368, total allocated 198180864, free 144625456, used 53555408, increment 0
Sequential: max memory 477626368, total allocated 198180864, free 144625456, used 53555408, increment 0
Initial loss: 9.21283725217477
Time since start: 30.322
500: time = 6.374000 loss = 6.862745
Jackknife: leave bio18 out
Making features
makeFeatures: max memory 477626368, total allocated 155189248, free 61137680, used 94051568, increment 40496160
species bio18: 
Regularization values: linear/quadratic/product: 0.308, categorical: 0.250, threshold: 1.730, hinge: 0.500
27 samples
Density: max memory 477626368, total allocated 155189248, free 49253984, used 105935264, increment 11883696
linearPredictor: max memory 477626368, total allocated 155189248, free 49253984, used 105935264, increment 0
FeaturedSpace: max memory 477626368, total allocated 155189248, free 49253984, used 105935264, increment 0
Sequential: max memory 477626368, total allocated 155189248, free 49253984, used 105935264, increment 0
Initial loss: 9.21283725217477
Time since start: 36.618
500: time = 6.221000 loss = 6.970030
Jackknife: leave bio19 out
Making features
makeFeatures: max memory 477626368, total allocated 145752064, free 61054232, used 84697832, increment -21237432
species bio19: 
Regularization values: linear/quadratic/product: 0.308, categorical: 0.250, threshold: 1.730, hinge: 0.500
27 samples
Density: max memory 477626368, total allocated 145752064, free 50050968, used 95701096, increment 11003264
linearPredictor: max memory 477626368, total allocated 145752064, free 48481816, used 97270248, increment 1569152
FeaturedSpace: max memory 477626368, total allocated 145752064, free 48481816, used 97270248, increment 0
Sequential: max memory 477626368, total allocated 145752064, free 48481816, used 97270248, increment 0
Initial loss: 9.21283725217477
Time since start: 42.938
500: time = 6.243000 loss = 6.865059
Jackknife: leave bio2 out
Making features
makeFeatures: max memory 477626368, total allocated 168296448, free 131678160, used 36618288, increment -60651960
species bio2: 
Regularization values: linear/quadratic/product: 0.308, categorical: 0.250, threshold: 1.730, hinge: 0.500
27 samples
Density: max memory 477626368, total allocated 168296448, free 119410560, used 48885888, increment 12267600
linearPredictor: max memory 477626368, total allocated 168296448, free 119410560, used 48885888, increment 0
FeaturedSpace: max memory 477626368, total allocated 168296448, free 119410560, used 48885888, increment 0
Sequential: max memory 477626368, total allocated 168296448, free 119410560, used 48885888, increment 0
Initial loss: 9.21283725217477
Time since start: 49.262
500: time = 6.249000 loss = 6.858322
Jackknife: leave bio3 out
Making features
makeFeatures: max memory 477626368, total allocated 164102144, free 35440112, used 128662032, increment 79776144
species bio3: 
Regularization values: linear/quadratic/product: 0.308, categorical: 0.250, threshold: 1.730, hinge: 0.500
27 samples
Density: max memory 477626368, total allocated 160956416, free 107846760, used 53109656, increment -75552376
linearPredictor: max memory 477626368, total allocated 160956416, free 107846760, used 53109656, increment 0
FeaturedSpace: max memory 477626368, total allocated 160956416, free 107846760, used 53109656, increment 0
Sequential: max memory 477626368, total allocated 160956416, free 107846760, used 53109656, increment 0
Initial loss: 9.21283725217477
Time since start: 54.807
500: time = 5.427000 loss = 6.871482
Jackknife: leave bio9 out
Making features
makeFeatures: max memory 477626368, total allocated 152043520, free 19602608, used 132440912, increment 79331256
species bio9: 
Regularization values: linear/quadratic/product: 0.308, categorical: 0.250, threshold: 1.730, hinge: 0.500
27 samples
Density: max memory 477626368, total allocated 149422080, free 83024656, used 66397424, increment -66043488
linearPredictor: max memory 477626368, total allocated 149422080, free 82944440, used 66477640, increment 80216
FeaturedSpace: max memory 477626368, total allocated 149422080, free 82944440, used 66477640, increment 0
Sequential: max memory 477626368, total allocated 149422080, free 82944440, used 66477640, increment 0
Initial loss: 9.21283725217477
Time since start: 61.02
500: time = 6.139000 loss = 6.956046
Jackknife: leave slope out
Making features
makeFeatures: max memory 477626368, total allocated 144179200, free 59783000, used 84396200, increment 17918560
species slope: 
Regularization values: linear/quadratic/product: 0.308, categorical: 0.250, threshold: 1.730, hinge: 0.500
27 samples
Density: max memory 477626368, total allocated 144179200, free 48999976, used 95179224, increment 10783024
linearPredictor: max memory 477626368, total allocated 144179200, free 48999976, used 95179224, increment 0
FeaturedSpace: max memory 477626368, total allocated 144179200, free 48999976, used 95179224, increment 0
Sequential: max memory 477626368, total allocated 144179200, free 48999976, used 95179224, increment 0
Initial loss: 9.21283725217477
Time since start: 66.16
500: time = 5.065000 loss = 7.021819
Jackknife: only aspect
Making features
makeFeatures: max memory 477626368, total allocated 146800640, free 114995848, used 31804792, increment -63374432
species aspect: 
Regularization values: linear/quadratic/product: 0.308, categorical: 0.250, threshold: 1.730, hinge: 0.500
27 samples
Density: max memory 477626368, total allocated 146800640, free 113444016, used 33356624, increment 1551832
linearPredictor: max memory 477626368, total allocated 146800640, free 113444016, used 33356624, increment 0
FeaturedSpace: max memory 477626368, total allocated 146800640, free 113444016, used 33356624, increment 0
Sequential: max memory 477626368, total allocated 146800640, free 113444016, used 33356624, increment 0
Initial loss: 9.21283725217477
180: time = 0.766000 loss = 8.953844
Res.gain: 0.25899292924009565
Jackknife: only bio14
Making features
makeFeatures: max memory 477626368, total allocated 136314880, free 72688184, used 63626696, increment 30270072
species bio14: 
Regularization values: linear/quadratic/product: 0.308, categorical: 0.250, threshold: 1.730, hinge: 0.500
27 samples
Density: max memory 477626368, total allocated 136314880, free 72688184, used 63626696, increment 0
linearPredictor: max memory 477626368, total allocated 136314880, free 72688184, used 63626696, increment 0
FeaturedSpace: max memory 477626368, total allocated 136314880, free 72688184, used 63626696, increment 0
Sequential: max memory 477626368, total allocated 136314880, free 72688184, used 63626696, increment 0
Initial loss: 9.21283725217477
100: time = 0.174000 loss = 8.426895
Res.gain: 0.7859423288145155
Jackknife: only bio15
Making features
makeFeatures: max memory 477626368, total allocated 136314880, free 71356456, used 64958424, increment 1331728
species bio15: 
Regularization values: linear/quadratic/product: 0.308, categorical: 0.250, threshold: 1.730, hinge: 0.500
27 samples
Density: max memory 477626368, total allocated 136314880, free 69745264, used 66569616, increment 1611192
linearPredictor: max memory 477626368, total allocated 136314880, free 69745264, used 66569616, increment 0
FeaturedSpace: max memory 477626368, total allocated 136314880, free 69745264, used 66569616, increment 0
Sequential: max memory 477626368, total allocated 136314880, free 69745264, used 66569616, increment 0
Initial loss: 9.21283725217477
Time since start: 67.969
240: time = 0.846000 loss = 7.476525
Res.gain: 1.7363118563516649
Jackknife: only bio17
Making features
makeFeatures: max memory 477626368, total allocated 133169152, free 84678768, used 48490384, increment -18079232
species bio17: 
Regularization values: linear/quadratic/product: 0.308, categorical: 0.250, threshold: 1.730, hinge: 0.500
27 samples
Density: max memory 477626368, total allocated 133169152, free 83279144, used 49890008, increment 1399624
linearPredictor: max memory 477626368, total allocated 133169152, free 83279144, used 49890008, increment 0
FeaturedSpace: max memory 477626368, total allocated 133169152, free 83279144, used 49890008, increment 0
Sequential: max memory 477626368, total allocated 133169152, free 83279144, used 49890008, increment 0
Initial loss: 9.21283725217477
260: time = 0.304000 loss = 9.030957
Res.gain: 0.1818801796146694
Jackknife: only bio18
Making features
makeFeatures: max memory 477626368, total allocated 133169152, free 75603632, used 57565520, increment 7675512
species bio18: 
Regularization values: linear/quadratic/product: 0.308, categorical: 0.250, threshold: 1.730, hinge: 0.500
27 samples
Density: max memory 477626368, total allocated 133169152, free 74284240, used 58884912, increment 1319392
linearPredictor: max memory 477626368, total allocated 133169152, free 74284240, used 58884912, increment 0
FeaturedSpace: max memory 477626368, total allocated 133169152, free 74284240, used 58884912, increment 0
Sequential: max memory 477626368, total allocated 133169152, free 74284240, used 58884912, increment 0
Initial loss: 9.21283725217477
120: time = 0.235000 loss = 8.984552
Res.gain: 0.22828553844772514
Jackknife: only bio19
Making features
makeFeatures: max memory 477626368, total allocated 146276352, free 107469128, used 38807224, increment -20077688
species bio19: 
Regularization values: linear/quadratic/product: 0.308, categorical: 0.250, threshold: 1.730, hinge: 0.500
27 samples
Density: max memory 477626368, total allocated 146276352, free 105858184, used 40418168, increment 1610944
linearPredictor: max memory 477626368, total allocated 146276352, free 105858184, used 40418168, increment 0
FeaturedSpace: max memory 477626368, total allocated 146276352, free 105858184, used 40418168, increment 0
Sequential: max memory 477626368, total allocated 146276352, free 105858184, used 40418168, increment 0
Initial loss: 9.21283725217477
180: time = 0.267000 loss = 8.775849
Res.gain: 0.4369882573206869
Jackknife: only bio2
Making features
makeFeatures: max memory 477626368, total allocated 146276352, free 96673144, used 49603208, increment 9185040
species bio2: 
Regularization values: linear/quadratic/product: 0.308, categorical: 0.250, threshold: 1.730, hinge: 0.500
27 samples
Density: max memory 477626368, total allocated 146276352, free 95021976, used 51254376, increment 1651168
linearPredictor: max memory 477626368, total allocated 146276352, free 95021976, used 51254376, increment 0
FeaturedSpace: max memory 477626368, total allocated 146276352, free 95021976, used 51254376, increment 0
Sequential: max memory 477626368, total allocated 146276352, free 95021976, used 51254376, increment 0
Initial loss: 9.21283725217477
Time since start: 69.25
360: time = 0.444000 loss = 8.450621
Res.gain: 0.7622157795712567
Jackknife: only bio3
Making features
makeFeatures: max memory 477626368, total allocated 146276352, free 46035096, used 100241256, increment 48986880
species bio3: 
Regularization values: linear/quadratic/product: 0.308, categorical: 0.250, threshold: 1.730, hinge: 0.500
27 samples
Density: max memory 477626368, total allocated 146276352, free 44496160, used 101780192, increment 1538936
linearPredictor: max memory 477626368, total allocated 146276352, free 44496160, used 101780192, increment 0
FeaturedSpace: max memory 477626368, total allocated 146276352, free 44496160, used 101780192, increment 0
Sequential: max memory 477626368, total allocated 146276352, free 44496160, used 101780192, increment 0
Initial loss: 9.21283725217477
240: time = 0.735000 loss = 8.816198
Res.gain: 0.3966391848304287
Jackknife: only bio9
Making features
makeFeatures: max memory 477626368, total allocated 133693440, free 69898568, used 63794872, increment -37985320
species bio9: 
Regularization values: linear/quadratic/product: 0.308, categorical: 0.250, threshold: 1.730, hinge: 0.500
27 samples
Density: max memory 477626368, total allocated 133693440, free 68599488, used 65093952, increment 1299080
linearPredictor: max memory 477626368, total allocated 133693440, free 68599488, used 65093952, increment 0
FeaturedSpace: max memory 477626368, total allocated 133693440, free 68599488, used 65093952, increment 0
Sequential: max memory 477626368, total allocated 133693440, free 68599488, used 65093952, increment 0
Initial loss: 9.21283725217477
Time since start: 70.667
400: time = 0.664000 loss = 7.830909
Res.gain: 1.3819278587215207
Jackknife: only slope
Making features
makeFeatures: max memory 477626368, total allocated 127926272, free 92790440, used 35135832, increment -29958120
species slope: 
Regularization values: linear/quadratic/product: 0.308, categorical: 0.250, threshold: 1.730, hinge: 0.500
27 samples
Density: max memory 477626368, total allocated 127926272, free 90363312, used 37562960, increment 2427128
linearPredictor: max memory 477626368, total allocated 127926272, free 90363312, used 37562960, increment 0
FeaturedSpace: max memory 477626368, total allocated 127926272, free 90363312, used 37562960, increment 0
Sequential: max memory 477626368, total allocated 127926272, free 90363312, used 37562960, increment 0
Initial loss: 9.21283725217477
240: time = 0.900000 loss = 8.152606
Res.gain: 1.0602309532499312
Ending
