Thu Sep 28 16:48:45 NPT 2023
MaxEnt version 3.4.3
Reading file absence
readGrid: max memory 477626368, total allocated 128974848, free 108394448, used 20580400, increment 20580400
Reading samples from presence
Read samples: max memory 477626368, total allocated 163053568, free 129524712, used 33528856, increment 12948456
Adding samples to background in feature space
Command line used:  autorun -e C:\Users\Public\Documents\Wondershare\CreatorTemp\RtmpsFsL34/maxent/4211361722/absence -o C:\Users\Public\Documents\Wondershare\CreatorTemp\RtmpsFsL34/maxent/4211361722 -s C:\Users\Public\Documents\Wondershare\CreatorTemp\RtmpsFsL34/maxent/4211361722/presence -z
Command line to repeat: java density.MaxEnt nowarnings noprefixes outputdirectory=C:\Users\Public\Documents\Wondershare\CreatorTemp\RtmpsFsL34/maxent/4211361722 samplesfile=C:\Users\Public\Documents\Wondershare\CreatorTemp\RtmpsFsL34/maxent/4211361722/presence environmentallayers=C:\Users\Public\Documents\Wondershare\CreatorTemp\RtmpsFsL34/maxent/4211361722/absence autorun novisible
Species: species
Layers: aspect bio14 bio15 bio17 bio18 bio19 bio2 bio3 bio9 slope
Layertypes: Continuous Continuous Continuous Continuous Continuous Continuous Continuous Continuous Continuous Continuous
outputdirectory: C:\Users\Public\Documents\Wondershare\CreatorTemp\RtmpsFsL34/maxent/4211361722
samplesfile: C:\Users\Public\Documents\Wondershare\CreatorTemp\RtmpsFsL34/maxent/4211361722/presence
environmentallayers: C:\Users\Public\Documents\Wondershare\CreatorTemp\RtmpsFsL34/maxent/4211361722/absence
autorun: true
visible: false

getSamples: max memory 477626368, total allocated 163053568, free 128843120, used 34210448, increment 681592
Making features
makeFeatures: max memory 477626368, total allocated 163053568, free 123628560, used 39425008, increment 5214560
species: 
Regularization values: linear/quadratic/product: 0.308, categorical: 0.250, threshold: 1.730, hinge: 0.500
27 samples
Density: max memory 477626368, total allocated 163053568, free 105291736, used 57761832, increment 18336824
linearPredictor: max memory 477626368, total allocated 163053568, free 105291736, used 57761832, increment 0
FeaturedSpace: max memory 477626368, total allocated 163053568, free 105291736, used 57761832, increment 0
Sequential: max memory 477626368, total allocated 163053568, free 103919480, used 59134088, increment 1372256
Initial loss: 9.212936997823448
Time since start: 6.987
500: time = 6.510000 loss = 6.897725
Resulting gain: 2.315211714913426
Time since start: 8.595
Projecting...
Writing file C:\Users\Public\Documents\Wondershare\CreatorTemp\RtmpsFsL34\maxent\4211361722\species.csv
Ending
